[debug] [2023-05-16T18:37:46.945Z] ----------------------------------------------------------------------
[debug] [2023-05-16T18:37:46.946Z] Command:       C:\Program Files\nodejs\node.exe C:\Users\Jhers\AppData\Roaming\npm\node_modules\firebase-tools\lib\bin\firebase.js init
[debug] [2023-05-16T18:37:46.947Z] CLI Version:   12.0.0
[debug] [2023-05-16T18:37:46.947Z] Platform:      win32
[debug] [2023-05-16T18:37:46.947Z] Node Version:  v16.15.0
[debug] [2023-05-16T18:37:46.948Z] Time:          Tue May 16 2023 13:37:46 GMT-0500 (hora estándar de Colombia)
[debug] [2023-05-16T18:37:46.948Z] ----------------------------------------------------------------------
[debug] 
[debug] [2023-05-16T18:37:46.954Z] > command requires scopes: ["email","openid","https://www.googleapis.com/auth/cloudplatformprojects.readonly","https://www.googleapis.com/auth/firebase","https://www.googleapis.com/auth/cloud-platform"]
[debug] [2023-05-16T18:37:46.955Z] > authorizing via signed-in user (jhersongsanchez@gmail.com)
[info] 
     ######## #### ########  ######## ########     ###     ######  ########
     ##        ##  ##     ## ##       ##     ##  ##   ##  ##       ##
     ######    ##  ########  ######   ########  #########  ######  ######
     ##        ##  ##    ##  ##       ##     ## ##     ##       ## ##
     ##       #### ##     ## ######## ########  ##     ##  ######  ########

You're about to initialize a Firebase project in this directory:

  C:\Users\Jhers\Desktop\tailwind-landing-page-template-main

[info] 
=== Project Setup
[info] 
[info] First, let's associate this project directory with a Firebase project.
[info] You can create multiple project aliases by running firebase use --add, 
[info] but for now we'll just set up a default project.
[info] 
[debug] [2023-05-16T18:40:43.591Z] > refreshing access token with scopes: []
[debug] [2023-05-16T18:40:43.599Z] >>> [apiv2][query] POST https://www.googleapis.com/oauth2/v3/token [none]
[debug] [2023-05-16T18:40:43.599Z] >>> [apiv2][body] POST https://www.googleapis.com/oauth2/v3/token [omitted]
[debug] [2023-05-16T18:40:43.872Z] <<< [apiv2][status] POST https://www.googleapis.com/oauth2/v3/token 200
[debug] [2023-05-16T18:40:43.873Z] <<< [apiv2][body] POST https://www.googleapis.com/oauth2/v3/token [omitted]
[debug] [2023-05-16T18:40:43.892Z] >>> [apiv2][query] GET https://firebase.googleapis.com/v1beta1/projects pageSize=100
[debug] [2023-05-16T18:40:44.541Z] <<< [apiv2][status] GET https://firebase.googleapis.com/v1beta1/projects 200
[debug] [2023-05-16T18:40:44.541Z] <<< [apiv2][body] GET https://firebase.googleapis.com/v1beta1/projects [omitted]
[info] i  Using project innova4-4b692 (innova4) 
[info] 
=== Hosting Setup
[info] 
[info] Your public directory is the folder (relative to your project directory) that
[info] will contain Hosting assets to be uploaded with firebase deploy. If you
[info] have a build process for your assets, use your build's output directory.
[info] 
[debug] [2023-05-16T18:42:31.030Z] >>> [apiv2][query] GET https://www.gstatic.com/firebasejs/releases.json [none]
[debug] [2023-05-16T18:42:31.339Z] <<< [apiv2][status] GET https://www.gstatic.com/firebasejs/releases.json 200
[debug] [2023-05-16T18:42:31.340Z] <<< [apiv2][body] GET https://www.gstatic.com/firebasejs/releases.json {"current":{"version":"9.22.0","browserURL":"https://www.gstatic.com/firebasejs/9.22.0/firebase.js","packageURL":"https://www.gstatic.com/firebasejs/9.22.0/firebase.tgz"},"live":{"version":"9.22","browserURL":"https://www.gstatic.com/firebasejs/live/9.22/firebase.js","packageURL":"https://www.gstatic.com/firebasejs/live/9.22/firebase.tgz"},"components":{"analytics":"https://www.gstatic.com/firebasejs/9.22.0/firebase-analytics.js","app":"https://www.gstatic.com/firebasejs/9.22.0/firebase-app.js","app-check":"https://www.gstatic.com/firebasejs/9.22.0/firebase-app-check.js","auth":"https://www.gstatic.com/firebasejs/9.22.0/firebase-auth.js","auth/cordova":"https://www.gstatic.com/firebasejs/9.22.0/firebase-auth/cordova.js","auth/react-native":"https://www.gstatic.com/firebasejs/9.22.0/firebase-auth/react-native.js","functions":"https://www.gstatic.com/firebasejs/9.22.0/firebase-functions.js","firestore":"https://www.gstatic.com/firebasejs/9.22.0/firebase-firestore.js","firestore/lite":"https://www.gstatic.com/firebasejs/9.22.0/firebase-firestore/lite.js","installations":"https://www.gstatic.com/firebasejs/9.22.0/firebase-installations.js","storage":"https://www.gstatic.com/firebasejs/9.22.0/firebase-storage.js","performance":"https://www.gstatic.com/firebasejs/9.22.0/firebase-performance.js","remote-config":"https://www.gstatic.com/firebasejs/9.22.0/firebase-remote-config.js","messaging":"https://www.gstatic.com/firebasejs/9.22.0/firebase-messaging.js","messaging/sw":"https://www.gstatic.com/firebasejs/9.22.0/firebase-messaging/sw.js","database":"https://www.gstatic.com/firebasejs/9.22.0/firebase-database.js","firestore.memory":"https://www.gstatic.com/firebasejs/9.22.0/firebase-firestore.memory.js"}}
[info] +  Wrote public/index.html 
[info] 
[info] i  Didn't detect a .git folder. Assuming C:\Users\Jhers\Desktop\tailwind-landing-page-template-main is the project root. 
[info] i  Authorizing with GitHub to upload your service account to a GitHub repository's secrets store. 
[info] 
[info] Visit this URL on this device to log in:
[info] https://github.com/login/oauth/authorize?client_id=89cf50f02ac6aaed3484&state=179547752&redirect_uri=http%3A%2F%2Flocalhost%3A9005&scope=read%3Auser%20repo%20public_repo
[info] 
[info] Waiting for authentication...
[debug] [2023-05-16T18:42:33.405Z] >>> [apiv2][query] POST https://github.com/login/oauth/access_token [none]
[debug] [2023-05-16T18:42:33.405Z] >>> [apiv2][body] POST https://github.com/login/oauth/access_token [stream]
[debug] [2023-05-16T18:42:33.782Z] <<< [apiv2][status] POST https://github.com/login/oauth/access_token 200
[debug] [2023-05-16T18:42:33.783Z] <<< [apiv2][body] POST https://github.com/login/oauth/access_token {"access_token":"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","token_type":"bearer","scope":"read:user,repo"}
[debug] [2023-05-16T18:42:33.790Z] >>> [apiv2][query] GET https://api.github.com/user [none]
[debug] [2023-05-16T18:42:34.186Z] <<< [apiv2][status] GET https://api.github.com/user 200
[debug] [2023-05-16T18:42:34.187Z] <<< [apiv2][body] GET https://api.github.com/user {"login":"JhersonSanchez26","id":62120089,"node_id":"MDQ6VXNlcjYyMTIwMDg5","avatar_url":"https://avatars.githubusercontent.com/u/62120089?v=4","gravatar_id":"","url":"https://api.github.com/users/JhersonSanchez26","html_url":"https://github.com/JhersonSanchez26","followers_url":"https://api.github.com/users/JhersonSanchez26/followers","following_url":"https://api.github.com/users/JhersonSanchez26/following{/other_user}","gists_url":"https://api.github.com/users/JhersonSanchez26/gists{/gist_id}","starred_url":"https://api.github.com/users/JhersonSanchez26/starred{/owner}{/repo}","subscriptions_url":"https://api.github.com/users/JhersonSanchez26/subscriptions","organizations_url":"https://api.github.com/users/JhersonSanchez26/orgs","repos_url":"https://api.github.com/users/JhersonSanchez26/repos","events_url":"https://api.github.com/users/JhersonSanchez26/events{/privacy}","received_events_url":"https://api.github.com/users/JhersonSanchez26/received_events","type":"User","site_admin":false,"name":"Jherson G Sanchez R","company":"Distribuidora Matec SAS","blog":"","location":"Colombia","email":null,"hireable":null,"bio":null,"twitter_username":null,"public_repos":4,"public_gists":0,"followers":0,"following":0,"created_at":"2020-03-12T21:33:36Z","updated_at":"2023-05-15T21:36:00Z","private_gists":0,"total_private_repos":4,"owned_private_repos":4,"disk_usage":16764,"collaborators":0,"two_factor_authentication":false,"plan":{"name":"free","space":976562499,"collaborators":0,"private_repos":10000}}
[info] 
[info] +  Success! Logged into GitHub as JhersonSanchez26 
[info] 
